2014/07/01 15:16:04 [error] [exception.CHttpException.404] exception 'CHttpException' with message 'Unable to resolve the request "gii".' in /var/www/yii/framework/web/CWebApplication.php:286
Stack trace:
#0 /var/www/yii/framework/web/CWebApplication.php(141): CWebApplication->runController('gii')
#1 /var/www/yii/framework/base/CApplication.php(180): CWebApplication->processRequest()
#2 /var/www/yii/project/index.php(13): CApplication->run()
#3 {main}
REQUEST_URI=/yii/project/index.php?r=gii
---
2014/07/01 16:18:01 [error] [php] Undefined variable: username (/var/www/yii/project/protected/models/LoginForm.php:49)
Stack trace:
#0 /var/www/yii/framework/base/CModel.php(159): CInlineValidator->validate()
#1 /var/www/yii/project/protected/controllers/SiteController.php(94): LoginForm->validate()
#2 /var/www/yii/framework/web/actions/CInlineAction.php(49): SiteController->actionLogin()
#3 /var/www/yii/framework/web/CController.php(308): CInlineAction->runWithParams()
#4 /var/www/yii/framework/web/CController.php(286): SiteController->runAction()
#5 /var/www/yii/framework/web/CController.php(265): SiteController->runActionWithFilters()
#6 /var/www/yii/framework/web/CWebApplication.php(282): SiteController->run()
#7 /var/www/yii/framework/web/CWebApplication.php(141): CWebApplication->runController()
#8 /var/www/yii/framework/base/CApplication.php(180): CWebApplication->processRequest()
#9 /var/www/yii/project/index.php(13): CWebApplication->run()
REQUEST_URI=/yii/project/index.php?r=site/login
in /var/www/yii/project/protected/models/LoginForm.php (49)
in /var/www/yii/project/protected/controllers/SiteController.php (94)
in /var/www/yii/project/index.php (13)
2014/07/01 16:18:39 [error] [php] Undefined variable: username (/var/www/yii/project/protected/models/LoginForm.php:49)
Stack trace:
#0 /var/www/yii/framework/base/CModel.php(159): CInlineValidator->validate()
#1 /var/www/yii/project/protected/controllers/SiteController.php(94): LoginForm->validate()
#2 /var/www/yii/framework/web/actions/CInlineAction.php(49): SiteController->actionLogin()
#3 /var/www/yii/framework/web/CController.php(308): CInlineAction->runWithParams()
#4 /var/www/yii/framework/web/CController.php(286): SiteController->runAction()
#5 /var/www/yii/framework/web/CController.php(265): SiteController->runActionWithFilters()
#6 /var/www/yii/framework/web/CWebApplication.php(282): SiteController->run()
#7 /var/www/yii/framework/web/CWebApplication.php(141): CWebApplication->runController()
#8 /var/www/yii/framework/base/CApplication.php(180): CWebApplication->processRequest()
#9 /var/www/yii/project/index.php(13): CWebApplication->run()
REQUEST_URI=/yii/project/index.php?r=site/login
in /var/www/yii/project/protected/models/LoginForm.php (49)
in /var/www/yii/project/protected/controllers/SiteController.php (94)
in /var/www/yii/project/index.php (13)
2014/07/01 22:10:11 [error] [php] Undefined variable: username (/var/www/yii/project/protected/models/LoginForm.php:49)
Stack trace:
#0 /var/www/yii/framework/base/CModel.php(159): CInlineValidator->validate()
#1 /var/www/yii/project/protected/controllers/SiteController.php(94): LoginForm->validate()
#2 /var/www/yii/framework/web/actions/CInlineAction.php(49): SiteController->actionLogin()
#3 /var/www/yii/framework/web/CController.php(308): CInlineAction->runWithParams()
#4 /var/www/yii/framework/web/CController.php(286): SiteController->runAction()
#5 /var/www/yii/framework/web/CController.php(265): SiteController->runActionWithFilters()
#6 /var/www/yii/framework/web/CWebApplication.php(282): SiteController->run()
#7 /var/www/yii/framework/web/CWebApplication.php(141): CWebApplication->runController()
#8 /var/www/yii/framework/base/CApplication.php(180): CWebApplication->processRequest()
#9 /var/www/yii/project/index.php(13): CWebApplication->run()
REQUEST_URI=/yii/project/index.php?r=site/login
in /var/www/yii/project/protected/models/LoginForm.php (49)
in /var/www/yii/project/protected/controllers/SiteController.php (94)
in /var/www/yii/project/index.php (13)
2014/07/01 23:28:28 [error] [php] Use of undefined constant i - assumed 'i' (/var/www/yii/project/protected/views/site/index.php:37)
Stack trace:
#0 /var/www/yii/framework/web/CController.php(869): SiteController->renderFile()
#1 /var/www/yii/framework/web/CController.php(782): SiteController->renderPartial()
#2 /var/www/yii/project/protected/controllers/SiteController.php(32): SiteController->render()
#3 /var/www/yii/framework/web/actions/CInlineAction.php(49): SiteController->actionIndex()
#4 /var/www/yii/framework/web/CController.php(308): CInlineAction->runWithParams()
#5 /var/www/yii/framework/web/CController.php(286): SiteController->runAction()
#6 /var/www/yii/framework/web/CController.php(265): SiteController->runActionWithFilters()
#7 /var/www/yii/framework/web/CWebApplication.php(282): SiteController->run()
#8 /var/www/yii/framework/web/CWebApplication.php(141): CWebApplication->runController()
#9 /var/www/yii/framework/base/CApplication.php(180): CWebApplication->processRequest()
#10 /var/www/yii/project/index.php(13): CWebApplication->run()
REQUEST_URI=/yii/project/index.php?r=site/index
in /var/www/yii/project/protected/views/site/index.php (37)
in /var/www/yii/project/protected/controllers/SiteController.php (32)
in /var/www/yii/project/index.php (13)
2014/07/02 11:43:48 [error] [php] Use of undefined constant php - assumed 'php' (/var/www/yii/project/protected/views/layouts/main.php:54)
Stack trace:
#0 /var/www/yii/framework/web/widgets/CContentDecorator.php(76): SiteController->renderFile()
#1 /var/www/yii/framework/web/widgets/CContentDecorator.php(54): CContentDecorator->decorate()
#2 /var/www/yii/framework/web/widgets/COutputProcessor.php(44): CContentDecorator->processOutput()
#3 /var/www/yii/framework/web/CBaseController.php(206): CContentDecorator->run()
#4 /var/www/yii/framework/web/CBaseController.php(300): SiteController->endWidget()
#5 /var/www/yii/project/protected/views/layouts/column1.php(6): SiteController->endContent()
#6 /var/www/yii/framework/web/CBaseController.php(126): require()
#7 /var/www/yii/framework/web/CBaseController.php(95): SiteController->renderInternal()
#8 /var/www/yii/framework/web/CController.php(784): SiteController->renderFile()
#9 /var/www/yii/project/protected/controllers/SiteController.php(32): SiteController->render()
#10 /var/www/yii/framework/web/actions/CInlineAction.php(49): SiteController->actionIndex()
#11 /var/www/yii/framework/web/CController.php(308): CInlineAction->runWithParams()
#12 /var/www/yii/framework/web/CController.php(286): SiteController->runAction()
#13 /var/www/yii/framework/web/CController.php(265): SiteController->runActionWithFilters()
#14 /var/www/yii/framework/web/CWebApplication.php(282): SiteController->run()
#15 /var/www/yii/framework/web/CWebApplication.php(141): CWebApplication->runController()
#16 /var/www/yii/framework/base/CApplication.php(180): CWebApplication->processRequest()
#17 /var/www/yii/project/index.php(13): CWebApplication->run()
REQUEST_URI=/yii/project/index.php?r=site/index
in /var/www/yii/project/protected/views/layouts/main.php (54)
in /var/www/yii/project/protected/views/layouts/column1.php (6)
in /var/www/yii/project/protected/controllers/SiteController.php (32)
2014/07/02 14:14:34 [error] [exception.CHttpException.404] exception 'CHttpException' with message 'The system is unable to find the requested action "contacts".' in /var/www/yii/framework/web/CController.php:483
Stack trace:
#0 /var/www/yii/framework/web/CController.php(270): CController->missingAction('contacts')
#1 /var/www/yii/framework/web/CWebApplication.php(282): CController->run('contacts')
#2 /var/www/yii/framework/web/CWebApplication.php(141): CWebApplication->runController('site/contacts')
#3 /var/www/yii/framework/base/CApplication.php(180): CWebApplication->processRequest()
#4 /var/www/yii/project/index.php(13): CApplication->run()
#5 {main}
REQUEST_URI=/yii/project/index.php?r=site/contacts
HTTP_REFERER=http://localhost/yii/project/index.php?r=
---
2014/07/02 14:15:37 [error] [exception.CHttpException.404] exception 'CHttpException' with message 'The system is unable to find the requested action "contacts".' in /var/www/yii/framework/web/CController.php:483
Stack trace:
#0 /var/www/yii/framework/web/CController.php(270): CController->missingAction('contacts')
#1 /var/www/yii/framework/web/CWebApplication.php(282): CController->run('contacts')
#2 /var/www/yii/framework/web/CWebApplication.php(141): CWebApplication->runController('site/contacts')
#3 /var/www/yii/framework/base/CApplication.php(180): CWebApplication->processRequest()
#4 /var/www/yii/project/index.php(13): CApplication->run()
#5 {main}
REQUEST_URI=/yii/project/index.php?r=site/contacts
HTTP_REFERER=http://localhost/yii/project/index.php?r=site/contact
---
2014/07/02 15:07:26 [error] [exception.CHttpException.404] exception 'CHttpException' with message 'The system is unable to find the requested action "contacts".' in /var/www/yii/framework/web/CController.php:483
Stack trace:
#0 /var/www/yii/framework/web/CController.php(270): CController->missingAction('contacts')
#1 /var/www/yii/framework/web/CWebApplication.php(282): CController->run('contacts')
#2 /var/www/yii/framework/web/CWebApplication.php(141): CWebApplication->runController('site/contacts')
#3 /var/www/yii/framework/base/CApplication.php(180): CWebApplication->processRequest()
#4 /var/www/yii/project/index.php(13): CApplication->run()
#5 {main}
REQUEST_URI=/yii/project/index.php?r=site/contacts
HTTP_REFERER=http://localhost/yii/project/index.php?r=
---
2014/07/02 16:47:53 [warning] [application] Failed to set unsafe attribute "image" of "Carousel".
in /var/www/yii/project/protected/controllers/CarouselController.php (73)
in /var/www/yii/project/index.php (13)
2014/07/02 16:47:54 [error] [exception.CException] exception 'CException' with message 'CWebApplication and its behaviors do not have a method or closure named "getPathOfAlias".' in /var/www/yii/framework/base/CComponent.php:266
Stack trace:
#0 /var/www/yii/project/protected/controllers/CarouselController.php(78): CComponent->__call('getPathOfAlias', Array)
#1 /var/www/yii/project/protected/controllers/CarouselController.php(78): CWebApplication->getPathOfAlias('webroot.images....')
#2 /var/www/yii/framework/web/actions/CInlineAction.php(49): CarouselController->actionCreate()
#3 /var/www/yii/framework/web/CController.php(308): CInlineAction->runWithParams(Array)
#4 /var/www/yii/framework/web/filters/CFilterChain.php(133): CController->runAction(Object(CInlineAction))
#5 /var/www/yii/framework/web/filters/CFilter.php(40): CFilterChain->run()
#6 /var/www/yii/framework/web/CController.php(1145): CFilter->filter(Object(CFilterChain))
#7 /var/www/yii/framework/web/filters/CInlineFilter.php(58): CController->filterAccessControl(Object(CFilterChain))
#8 /var/www/yii/framework/web/filters/CFilterChain.php(130): CInlineFilter->filter(Object(CFilterChain))
#9 /var/www/yii/framework/web/CController.php(291): CFilterChain->run()
#10 /var/www/yii/framework/web/CController.php(265): CController->runActionWithFilters(Object(CInlineAction), Array)
#11 /var/www/yii/framework/web/CWebApplication.php(282): CController->run('create')
#12 /var/www/yii/framework/web/CWebApplication.php(141): CWebApplication->runController('carousel/create')
#13 /var/www/yii/framework/base/CApplication.php(180): CWebApplication->processRequest()
#14 /var/www/yii/project/index.php(13): CApplication->run()
#15 {main}
REQUEST_URI=/yii/project/index.php?r=carousel/create
HTTP_REFERER=http://localhost/yii/project/index.php?r=carousel/create
---
2014/07/02 16:48:19 [warning] [application] Failed to set unsafe attribute "image" of "Carousel".
in /var/www/yii/project/protected/controllers/CarouselController.php (73)
in /var/www/yii/project/index.php (13)
2014/07/02 16:48:19 [error] [php] move_uploaded_file(/var/www/yii/project/images/carousel/download.jpg): failed to open stream: Permission denied (/var/www/yii/framework/web/CUploadedFile.php:198)
Stack trace:
#0 /var/www/yii/framework/web/actions/CInlineAction.php(49): CarouselController->actionCreate()
#1 /var/www/yii/framework/web/CController.php(308): CInlineAction->runWithParams()
#2 /var/www/yii/framework/web/filters/CFilterChain.php(133): CarouselController->runAction()
#3 /var/www/yii/framework/web/filters/CFilter.php(40): CFilterChain->run()
#4 /var/www/yii/framework/web/CController.php(1145): CAccessControlFilter->filter()
#5 /var/www/yii/framework/web/filters/CInlineFilter.php(58): CarouselController->filterAccessControl()
#6 /var/www/yii/framework/web/filters/CFilterChain.php(130): CInlineFilter->filter()
#7 /var/www/yii/framework/web/CController.php(291): CFilterChain->run()
#8 /var/www/yii/framework/web/CController.php(265): CarouselController->runActionWithFilters()
#9 /var/www/yii/framework/web/CWebApplication.php(282): CarouselController->run()
#10 /var/www/yii/framework/web/CWebApplication.php(141): CWebApplication->runController()
#11 /var/www/yii/framework/base/CApplication.php(180): CWebApplication->processRequest()
#12 /var/www/yii/project/index.php(13): CWebApplication->run()
REQUEST_URI=/yii/project/index.php?r=carousel/create
in /var/www/yii/project/protected/controllers/CarouselController.php (78)
in /var/www/yii/project/index.php (13)
2014/07/02 16:49:06 [warning] [application] Failed to set unsafe attribute "image" of "Carousel".
in /var/www/yii/project/protected/controllers/CarouselController.php (73)
in /var/www/yii/project/index.php (13)
2014/07/02 17:18:33 [error] [exception.CException] exception 'CException' with message 'SiteController cannot find the requested view "faq.php".' in /var/www/yii/framework/web/CController.php:878
Stack trace:
#0 /var/www/yii/project/protected/views/site/index.php(75): CController->renderPartial('faq.php')
#1 /var/www/yii/framework/web/CBaseController.php(126): require('/var/www/yii/pr...')
#2 /var/www/yii/framework/web/CBaseController.php(95): CBaseController->renderInternal('/var/www/yii/pr...', NULL, true)
#3 /var/www/yii/framework/web/CController.php(869): CBaseController->renderFile('/var/www/yii/pr...', NULL, true)
#4 /var/www/yii/framework/web/CController.php(782): CController->renderPartial('index', NULL, true)
#5 /var/www/yii/project/protected/controllers/SiteController.php(32): CController->render('index')
#6 /var/www/yii/framework/web/actions/CInlineAction.php(49): SiteController->actionIndex()
#7 /var/www/yii/framework/web/CController.php(308): CInlineAction->runWithParams(Array)
#8 /var/www/yii/framework/web/CController.php(286): CController->runAction(Object(CInlineAction))
#9 /var/www/yii/framework/web/CController.php(265): CController->runActionWithFilters(Object(CInlineAction), Array)
#10 /var/www/yii/framework/web/CWebApplication.php(282): CController->run('')
#11 /var/www/yii/framework/web/CWebApplication.php(141): CWebApplication->runController('')
#12 /var/www/yii/framework/base/CApplication.php(180): CWebApplication->processRequest()
#13 /var/www/yii/project/index.php(13): CApplication->run()
#14 {main}
REQUEST_URI=/yii/project/index.php
HTTP_REFERER=http://localhost/yii/project/index.php
---
2014/07/02 17:18:55 [error] [exception.CException] exception 'CException' with message 'SiteController cannot find the requested view "faq.php".' in /var/www/yii/framework/web/CController.php:878
Stack trace:
#0 /var/www/yii/project/protected/views/site/index.php(75): CController->renderPartial('faq.php')
#1 /var/www/yii/framework/web/CBaseController.php(126): require('/var/www/yii/pr...')
#2 /var/www/yii/framework/web/CBaseController.php(95): CBaseController->renderInternal('/var/www/yii/pr...', NULL, true)
#3 /var/www/yii/framework/web/CController.php(869): CBaseController->renderFile('/var/www/yii/pr...', NULL, true)
#4 /var/www/yii/framework/web/CController.php(782): CController->renderPartial('index', NULL, true)
#5 /var/www/yii/project/protected/controllers/SiteController.php(32): CController->render('index')
#6 /var/www/yii/framework/web/actions/CInlineAction.php(49): SiteController->actionIndex()
#7 /var/www/yii/framework/web/CController.php(308): CInlineAction->runWithParams(Array)
#8 /var/www/yii/framework/web/CController.php(286): CController->runAction(Object(CInlineAction))
#9 /var/www/yii/framework/web/CController.php(265): CController->runActionWithFilters(Object(CInlineAction), Array)
#10 /var/www/yii/framework/web/CWebApplication.php(282): CController->run('')
#11 /var/www/yii/framework/web/CWebApplication.php(141): CWebApplication->runController('')
#12 /var/www/yii/framework/base/CApplication.php(180): CWebApplication->processRequest()
#13 /var/www/yii/project/index.php(13): CApplication->run()
#14 {main}
REQUEST_URI=/yii/project/index.php
HTTP_REFERER=http://localhost/yii/project/index.php
---
2014/07/02 17:19:51 [error] [php] Undefined variable: model (/var/www/yii/project/protected/views/site/faq.php:41)
Stack trace:
#0 /var/www/yii/framework/web/CController.php(869): SiteController->renderFile()
#1 /var/www/yii/project/protected/views/site/index.php(75): SiteController->renderPartial()
#2 /var/www/yii/framework/web/CBaseController.php(126): require()
#3 /var/www/yii/framework/web/CBaseController.php(95): SiteController->renderInternal()
#4 /var/www/yii/framework/web/CController.php(869): SiteController->renderFile()
#5 /var/www/yii/framework/web/CController.php(782): SiteController->renderPartial()
#6 /var/www/yii/project/protected/controllers/SiteController.php(32): SiteController->render()
#7 /var/www/yii/framework/web/actions/CInlineAction.php(49): SiteController->actionIndex()
#8 /var/www/yii/framework/web/CController.php(308): CInlineAction->runWithParams()
#9 /var/www/yii/framework/web/CController.php(286): SiteController->runAction()
#10 /var/www/yii/framework/web/CController.php(265): SiteController->runActionWithFilters()
#11 /var/www/yii/framework/web/CWebApplication.php(282): SiteController->run()
#12 /var/www/yii/framework/web/CWebApplication.php(141): CWebApplication->runController()
#13 /var/www/yii/framework/base/CApplication.php(180): CWebApplication->processRequest()
#14 /var/www/yii/project/index.php(13): CWebApplication->run()
REQUEST_URI=/yii/project/index.php
in /var/www/yii/project/protected/views/site/faq.php (41)
in /var/www/yii/project/protected/views/site/index.php (75)
in /var/www/yii/project/protected/controllers/SiteController.php (32)
2014/07/02 21:05:25 [error] [php] htmlspecialchars() expects parameter 1 to be string, array given (/var/www/yii/framework/web/helpers/CHtml.php:103)
Stack trace:
#0 /var/www/yii/framework/web/helpers/CHtml.php(158): renderAttributes()
#1 /var/www/yii/framework/web/helpers/CHtml.php(1655): tag()
#2 /var/www/yii/framework/web/widgets/CActiveForm.php(786): activeTextArea()
#3 /var/www/yii/project/protected/views/site/faq.php(56): CActiveForm->textArea()
#4 /var/www/yii/framework/web/CBaseController.php(126): require()
#5 /var/www/yii/framework/web/CBaseController.php(95): SiteController->renderInternal()
#6 /var/www/yii/framework/web/CController.php(869): SiteController->renderFile()
#7 /var/www/yii/project/protected/views/site/index.php(82): SiteController->renderPartial()
#8 /var/www/yii/framework/web/CBaseController.php(126): require()
#9 /var/www/yii/framework/web/CBaseController.php(95): SiteController->renderInternal()
#10 /var/www/yii/framework/web/CController.php(869): SiteController->renderFile()
#11 /var/www/yii/framework/web/CController.php(782): SiteController->renderPartial()
#12 /var/www/yii/project/protected/controllers/SiteController.php(33): SiteController->render()
#13 /var/www/yii/framework/web/actions/CInlineAction.php(49): SiteController->actionIndex()
#14 /var/www/yii/framework/web/CController.php(308): CInlineAction->runWithParams()
#15 /var/www/yii/framework/web/CController.php(286): SiteController->runAction()
#16 /var/www/yii/framework/web/CController.php(265): SiteController->runActionWithFilters()
#17 /var/www/yii/framework/web/CWebApplication.php(282): SiteController->run()
#18 /var/www/yii/framework/web/CWebApplication.php(141): CWebApplication->runController()
#19 /var/www/yii/framework/base/CApplication.php(180): CWebApplication->processRequest()
#20 /var/www/yii/project/index.php(13): CWebApplication->run()
REQUEST_URI=/yii/project/index.php
in /var/www/yii/project/protected/views/site/faq.php (56)
in /var/www/yii/project/protected/views/site/index.php (82)
in /var/www/yii/project/protected/controllers/SiteController.php (33)
2014/07/03 09:42:37 [error] [exception.CHttpException.404] exception 'CHttpException' with message 'The system is unable to find the requested action "adminpanel".' in /var/www/yii/framework/web/CController.php:483
Stack trace:
#0 /var/www/yii/framework/web/CController.php(270): CController->missingAction('adminpanel')
#1 /var/www/yii/framework/web/CWebApplication.php(282): CController->run('adminpanel')
#2 /var/www/yii/framework/web/CWebApplication.php(141): CWebApplication->runController('site/adminpanel')
#3 /var/www/yii/framework/base/CApplication.php(180): CWebApplication->processRequest()
#4 /var/www/yii/project/index.php(13): CApplication->run()
#5 {main}
REQUEST_URI=/yii/project/index.php?r=site/adminpanel
HTTP_REFERER=http://localhost/yii/project/index.php
---
2014/07/03 09:43:08 [error] [exception.CHttpException.404] exception 'CHttpException' with message 'The system is unable to find the requested action "adminpanel".' in /var/www/yii/framework/web/CController.php:483
Stack trace:
#0 /var/www/yii/framework/web/CController.php(270): CController->missingAction('adminpanel')
#1 /var/www/yii/framework/web/CWebApplication.php(282): CController->run('adminpanel')
#2 /var/www/yii/framework/web/CWebApplication.php(141): CWebApplication->runController('site/adminpanel')
#3 /var/www/yii/framework/base/CApplication.php(180): CWebApplication->processRequest()
#4 /var/www/yii/project/index.php(13): CApplication->run()
#5 {main}
REQUEST_URI=/yii/project/index.php?r=site/adminpanel
HTTP_REFERER=http://localhost/yii/project/index.php
---
2014/07/03 09:43:10 [error] [exception.CHttpException.404] exception 'CHttpException' with message 'The system is unable to find the requested action "adminpanel".' in /var/www/yii/framework/web/CController.php:483
Stack trace:
#0 /var/www/yii/framework/web/CController.php(270): CController->missingAction('adminpanel')
#1 /var/www/yii/framework/web/CWebApplication.php(282): CController->run('adminpanel')
#2 /var/www/yii/framework/web/CWebApplication.php(141): CWebApplication->runController('site/adminpanel')
#3 /var/www/yii/framework/base/CApplication.php(180): CWebApplication->processRequest()
#4 /var/www/yii/project/index.php(13): CApplication->run()
#5 {main}
REQUEST_URI=/yii/project/index.php?r=site/adminpanel
HTTP_REFERER=http://localhost/yii/project/index.php?r=site/adminpanel
---
2014/07/03 09:45:11 [error] [exception.CHttpException.404] exception 'CHttpException' with message 'The requested view "about" was not found.' in /var/www/yii/framework/web/actions/CViewAction.php:112
Stack trace:
#0 /var/www/yii/framework/web/actions/CViewAction.php(123): CViewAction->resolveView('about')
#1 /var/www/yii/framework/web/actions/CAction.php(76): CViewAction->run()
#2 /var/www/yii/framework/web/CController.php(308): CAction->runWithParams(Array)
#3 /var/www/yii/framework/web/CController.php(286): CController->runAction(Object(CViewAction))
#4 /var/www/yii/framework/web/CController.php(265): CController->runActionWithFilters(Object(CViewAction), Array)
#5 /var/www/yii/framework/web/CWebApplication.php(282): CController->run('page')
#6 /var/www/yii/framework/web/CWebApplication.php(141): CWebApplication->runController('site/page')
#7 /var/www/yii/framework/base/CApplication.php(180): CWebApplication->processRequest()
#8 /var/www/yii/project/index.php(13): CApplication->run()
#9 {main}
REQUEST_URI=/yii/project/index.php?r=site/page&view=about
---
2014/07/03 09:49:05 [error] [exception.CHttpException.404] exception 'CHttpException' with message 'The requested view "adminpan" was not found.' in /var/www/yii/framework/web/actions/CViewAction.php:112
Stack trace:
#0 /var/www/yii/framework/web/actions/CViewAction.php(123): CViewAction->resolveView('adminpan')
#1 /var/www/yii/framework/web/actions/CAction.php(76): CViewAction->run()
#2 /var/www/yii/framework/web/CController.php(308): CAction->runWithParams(Array)
#3 /var/www/yii/framework/web/CController.php(286): CController->runAction(Object(CViewAction))
#4 /var/www/yii/framework/web/CController.php(265): CController->runActionWithFilters(Object(CViewAction), Array)
#5 /var/www/yii/framework/web/CWebApplication.php(282): CController->run('page')
#6 /var/www/yii/framework/web/CWebApplication.php(141): CWebApplication->runController('site/page')
#7 /var/www/yii/framework/base/CApplication.php(180): CWebApplication->processRequest()
#8 /var/www/yii/project/index.php(13): CApplication->run()
#9 {main}
REQUEST_URI=/yii/project/index.php?r=site/page&view=adminpan
---
2014/07/03 09:49:10 [error] [exception.CHttpException.404] exception 'CHttpException' with message 'The requested view "adminpanek" was not found.' in /var/www/yii/framework/web/actions/CViewAction.php:112
Stack trace:
#0 /var/www/yii/framework/web/actions/CViewAction.php(123): CViewAction->resolveView('adminpanek')
#1 /var/www/yii/framework/web/actions/CAction.php(76): CViewAction->run()
#2 /var/www/yii/framework/web/CController.php(308): CAction->runWithParams(Array)
#3 /var/www/yii/framework/web/CController.php(286): CController->runAction(Object(CViewAction))
#4 /var/www/yii/framework/web/CController.php(265): CController->runActionWithFilters(Object(CViewAction), Array)
#5 /var/www/yii/framework/web/CWebApplication.php(282): CController->run('page')
#6 /var/www/yii/framework/web/CWebApplication.php(141): CWebApplication->runController('site/page')
#7 /var/www/yii/framework/base/CApplication.php(180): CWebApplication->processRequest()
#8 /var/www/yii/project/index.php(13): CApplication->run()
#9 {main}
REQUEST_URI=/yii/project/index.php?r=site/page&view=adminpanek
---
2014/07/03 09:58:43 [error] [exception.CHttpException.404] exception 'CHttpException' with message 'The requested view "about" was not found.' in /var/www/yii/framework/web/actions/CViewAction.php:112
Stack trace:
#0 /var/www/yii/framework/web/actions/CViewAction.php(123): CViewAction->resolveView('about')
#1 /var/www/yii/framework/web/actions/CAction.php(76): CViewAction->run()
#2 /var/www/yii/framework/web/CController.php(308): CAction->runWithParams(Array)
#3 /var/www/yii/framework/web/CController.php(286): CController->runAction(Object(CViewAction))
#4 /var/www/yii/framework/web/CController.php(265): CController->runActionWithFilters(Object(CViewAction), Array)
#5 /var/www/yii/framework/web/CWebApplication.php(282): CController->run('page')
#6 /var/www/yii/framework/web/CWebApplication.php(141): CWebApplication->runController('site/page')
#7 /var/www/yii/framework/base/CApplication.php(180): CWebApplication->processRequest()
#8 /var/www/yii/project/index.php(13): CApplication->run()
#9 {main}
REQUEST_URI=/yii/project/index.php?r=site/page&view=about
---
2014/07/03 09:59:48 [error] [exception.CHttpException.404] exception 'CHttpException' with message 'The system is unable to find the requested action "image".' in /var/www/yii/framework/web/CController.php:483
Stack trace:
#0 /var/www/yii/framework/web/CController.php(270): CController->missingAction('image')
#1 /var/www/yii/framework/web/CWebApplication.php(282): CController->run('image')
#2 /var/www/yii/framework/web/CWebApplication.php(141): CWebApplication->runController('carousel/image')
#3 /var/www/yii/framework/base/CApplication.php(180): CWebApplication->processRequest()
#4 /var/www/yii/project/index.php(13): CApplication->run()
#5 {main}
REQUEST_URI=/yii/project/index.php?r=carousel/image
HTTP_REFERER=http://localhost/yii/project/index.php?r=site/page&view=adminpanel
---
2014/07/03 09:59:59 [error] [exception.CHttpException.404] exception 'CHttpException' with message 'The system is unable to find the requested action "image".' in /var/www/yii/framework/web/CController.php:483
Stack trace:
#0 /var/www/yii/framework/web/CController.php(270): CController->missingAction('image')
#1 /var/www/yii/framework/web/CWebApplication.php(282): CController->run('image')
#2 /var/www/yii/framework/web/CWebApplication.php(141): CWebApplication->runController('carousel/image')
#3 /var/www/yii/framework/base/CApplication.php(180): CWebApplication->processRequest()
#4 /var/www/yii/project/index.php(13): CApplication->run()
#5 {main}
REQUEST_URI=/yii/project/index.php?r=carousel/image
HTTP_REFERER=http://localhost/yii/project/index.php?r=site/page&view=adminpanel
---
2014/07/03 10:25:04 [error] [exception.CException] exception 'CException' with message 'CWebApplication and its behaviors do not have a method or closure named "getPathOfAlias".' in /var/www/yii/framework/base/CComponent.php:266
Stack trace:
#0 /var/www/yii/project/protected/views/site/index.php(93): CComponent->__call('getPathOfAlias', Array)
#1 /var/www/yii/project/protected/views/site/index.php(93): CWebApplication->getPathOfAlias('webroot.images....')
#2 /var/www/yii/framework/web/CBaseController.php(126): require('/var/www/yii/pr...')
#3 /var/www/yii/framework/web/CBaseController.php(95): CBaseController->renderInternal('/var/www/yii/pr...', Array, true)
#4 /var/www/yii/framework/web/CController.php(869): CBaseController->renderFile('/var/www/yii/pr...', Array, true)
#5 /var/www/yii/framework/web/CController.php(782): CController->renderPartial('index', Array, true)
#6 /var/www/yii/project/protected/controllers/SiteController.php(33): CController->render('index', Array)
#7 /var/www/yii/framework/web/actions/CInlineAction.php(49): SiteController->actionIndex()
#8 /var/www/yii/framework/web/CController.php(308): CInlineAction->runWithParams(Array)
#9 /var/www/yii/framework/web/CController.php(286): CController->runAction(Object(CInlineAction))
#10 /var/www/yii/framework/web/CController.php(265): CController->runActionWithFilters(Object(CInlineAction), Array)
#11 /var/www/yii/framework/web/CWebApplication.php(282): CController->run('index')
#12 /var/www/yii/framework/web/CWebApplication.php(141): CWebApplication->runController('site/index')
#13 /var/www/yii/framework/base/CApplication.php(180): CWebApplication->processRequest()
#14 /var/www/yii/project/index.php(13): CApplication->run()
#15 {main}
REQUEST_URI=/yii/project/index.php?r=site/index
---
2014/07/03 10:25:20 [error] [exception.CException] exception 'CException' with message 'CWebApplication and its behaviors do not have a method or closure named "getPathOfAlias".' in /var/www/yii/framework/base/CComponent.php:266
Stack trace:
#0 /var/www/yii/project/protected/views/site/index.php(93): CComponent->__call('getPathOfAlias', Array)
#1 /var/www/yii/project/protected/views/site/index.php(93): CWebApplication->getPathOfAlias('webroot.images....')
#2 /var/www/yii/framework/web/CBaseController.php(126): require('/var/www/yii/pr...')
#3 /var/www/yii/framework/web/CBaseController.php(95): CBaseController->renderInternal('/var/www/yii/pr...', Array, true)
#4 /var/www/yii/framework/web/CController.php(869): CBaseController->renderFile('/var/www/yii/pr...', Array, true)
#5 /var/www/yii/framework/web/CController.php(782): CController->renderPartial('index', Array, true)
#6 /var/www/yii/project/protected/controllers/SiteController.php(33): CController->render('index', Array)
#7 /var/www/yii/framework/web/actions/CInlineAction.php(49): SiteController->actionIndex()
#8 /var/www/yii/framework/web/CController.php(308): CInlineAction->runWithParams(Array)
#9 /var/www/yii/framework/web/CController.php(286): CController->runAction(Object(CInlineAction))
#10 /var/www/yii/framework/web/CController.php(265): CController->runActionWithFilters(Object(CInlineAction), Array)
#11 /var/www/yii/framework/web/CWebApplication.php(282): CController->run('index')
#12 /var/www/yii/framework/web/CWebApplication.php(141): CWebApplication->runController('site/index')
#13 /var/www/yii/framework/base/CApplication.php(180): CWebApplication->processRequest()
#14 /var/www/yii/project/index.php(13): CApplication->run()
#15 {main}
REQUEST_URI=/yii/project/index.php?r=site/index
---
2014/07/03 10:25:28 [error] [exception.CException] exception 'CException' with message 'CWebApplication and its behaviors do not have a method or closure named "getPathOfAlias".' in /var/www/yii/framework/base/CComponent.php:266
Stack trace:
#0 /var/www/yii/project/protected/views/site/index.php(93): CComponent->__call('getPathOfAlias', Array)
#1 /var/www/yii/project/protected/views/site/index.php(93): CWebApplication->getPathOfAlias('webroot.images....')
#2 /var/www/yii/framework/web/CBaseController.php(126): require('/var/www/yii/pr...')
#3 /var/www/yii/framework/web/CBaseController.php(95): CBaseController->renderInternal('/var/www/yii/pr...', Array, true)
#4 /var/www/yii/framework/web/CController.php(869): CBaseController->renderFile('/var/www/yii/pr...', Array, true)
#5 /var/www/yii/framework/web/CController.php(782): CController->renderPartial('index', Array, true)
#6 /var/www/yii/project/protected/controllers/SiteController.php(33): CController->render('index', Array)
#7 /var/www/yii/framework/web/actions/CInlineAction.php(49): SiteController->actionIndex()
#8 /var/www/yii/framework/web/CController.php(308): CInlineAction->runWithParams(Array)
#9 /var/www/yii/framework/web/CController.php(286): CController->runAction(Object(CInlineAction))
#10 /var/www/yii/framework/web/CController.php(265): CController->runActionWithFilters(Object(CInlineAction), Array)
#11 /var/www/yii/framework/web/CWebApplication.php(282): CController->run('index')
#12 /var/www/yii/framework/web/CWebApplication.php(141): CWebApplication->runController('site/index')
#13 /var/www/yii/framework/base/CApplication.php(180): CWebApplication->processRequest()
#14 /var/www/yii/project/index.php(13): CApplication->run()
#15 {main}
REQUEST_URI=/yii/project/index.php?r=site/index
---
2014/07/03 10:25:29 [error] [exception.CException] exception 'CException' with message 'CWebApplication and its behaviors do not have a method or closure named "getPathOfAlias".' in /var/www/yii/framework/base/CComponent.php:266
Stack trace:
#0 /var/www/yii/project/protected/views/site/index.php(93): CComponent->__call('getPathOfAlias', Array)
#1 /var/www/yii/project/protected/views/site/index.php(93): CWebApplication->getPathOfAlias('webroot.images....')
#2 /var/www/yii/framework/web/CBaseController.php(126): require('/var/www/yii/pr...')
#3 /var/www/yii/framework/web/CBaseController.php(95): CBaseController->renderInternal('/var/www/yii/pr...', Array, true)
#4 /var/www/yii/framework/web/CController.php(869): CBaseController->renderFile('/var/www/yii/pr...', Array, true)
#5 /var/www/yii/framework/web/CController.php(782): CController->renderPartial('index', Array, true)
#6 /var/www/yii/project/protected/controllers/SiteController.php(33): CController->render('index', Array)
#7 /var/www/yii/framework/web/actions/CInlineAction.php(49): SiteController->actionIndex()
#8 /var/www/yii/framework/web/CController.php(308): CInlineAction->runWithParams(Array)
#9 /var/www/yii/framework/web/CController.php(286): CController->runAction(Object(CInlineAction))
#10 /var/www/yii/framework/web/CController.php(265): CController->runActionWithFilters(Object(CInlineAction), Array)
#11 /var/www/yii/framework/web/CWebApplication.php(282): CController->run('index')
#12 /var/www/yii/framework/web/CWebApplication.php(141): CWebApplication->runController('site/index')
#13 /var/www/yii/framework/base/CApplication.php(180): CWebApplication->processRequest()
#14 /var/www/yii/project/index.php(13): CApplication->run()
#15 {main}
REQUEST_URI=/yii/project/index.php?r=site/index
---
2014/07/03 10:25:29 [error] [exception.CException] exception 'CException' with message 'CWebApplication and its behaviors do not have a method or closure named "getPathOfAlias".' in /var/www/yii/framework/base/CComponent.php:266
Stack trace:
#0 /var/www/yii/project/protected/views/site/index.php(93): CComponent->__call('getPathOfAlias', Array)
#1 /var/www/yii/project/protected/views/site/index.php(93): CWebApplication->getPathOfAlias('webroot.images....')
#2 /var/www/yii/framework/web/CBaseController.php(126): require('/var/www/yii/pr...')
#3 /var/www/yii/framework/web/CBaseController.php(95): CBaseController->renderInternal('/var/www/yii/pr...', Array, true)
#4 /var/www/yii/framework/web/CController.php(869): CBaseController->renderFile('/var/www/yii/pr...', Array, true)
#5 /var/www/yii/framework/web/CController.php(782): CController->renderPartial('index', Array, true)
#6 /var/www/yii/project/protected/controllers/SiteController.php(33): CController->render('index', Array)
#7 /var/www/yii/framework/web/actions/CInlineAction.php(49): SiteController->actionIndex()
#8 /var/www/yii/framework/web/CController.php(308): CInlineAction->runWithParams(Array)
#9 /var/www/yii/framework/web/CController.php(286): CController->runAction(Object(CInlineAction))
#10 /var/www/yii/framework/web/CController.php(265): CController->runActionWithFilters(Object(CInlineAction), Array)
#11 /var/www/yii/framework/web/CWebApplication.php(282): CController->run('index')
#12 /var/www/yii/framework/web/CWebApplication.php(141): CWebApplication->runController('site/index')
#13 /var/www/yii/framework/base/CApplication.php(180): CWebApplication->processRequest()
#14 /var/www/yii/project/index.php(13): CApplication->run()
#15 {main}
REQUEST_URI=/yii/project/index.php?r=site/index
---
2014/07/03 10:25:29 [error] [exception.CException] exception 'CException' with message 'CWebApplication and its behaviors do not have a method or closure named "getPathOfAlias".' in /var/www/yii/framework/base/CComponent.php:266
Stack trace:
#0 /var/www/yii/project/protected/views/site/index.php(93): CComponent->__call('getPathOfAlias', Array)
#1 /var/www/yii/project/protected/views/site/index.php(93): CWebApplication->getPathOfAlias('webroot.images....')
#2 /var/www/yii/framework/web/CBaseController.php(126): require('/var/www/yii/pr...')
#3 /var/www/yii/framework/web/CBaseController.php(95): CBaseController->renderInternal('/var/www/yii/pr...', Array, true)
#4 /var/www/yii/framework/web/CController.php(869): CBaseController->renderFile('/var/www/yii/pr...', Array, true)
#5 /var/www/yii/framework/web/CController.php(782): CController->renderPartial('index', Array, true)
#6 /var/www/yii/project/protected/controllers/SiteController.php(33): CController->render('index', Array)
#7 /var/www/yii/framework/web/actions/CInlineAction.php(49): SiteController->actionIndex()
#8 /var/www/yii/framework/web/CController.php(308): CInlineAction->runWithParams(Array)
#9 /var/www/yii/framework/web/CController.php(286): CController->runAction(Object(CInlineAction))
#10 /var/www/yii/framework/web/CController.php(265): CController->runActionWithFilters(Object(CInlineAction), Array)
#11 /var/www/yii/framework/web/CWebApplication.php(282): CController->run('index')
#12 /var/www/yii/framework/web/CWebApplication.php(141): CWebApplication->runController('site/index')
#13 /var/www/yii/framework/base/CApplication.php(180): CWebApplication->processRequest()
#14 /var/www/yii/project/index.php(13): CApplication->run()
#15 {main}
REQUEST_URI=/yii/project/index.php?r=site/index
---
2014/07/03 10:26:54 [error] [php] include(phpYii.php): failed to open stream: No such file or directory (/var/www/yii/framework/YiiBase.php:427)
Stack trace:
#0 /var/www/yii/project/protected/views/site/index.php(93): spl_autoload_call()
#1 /var/www/yii/framework/web/CBaseController.php(126): require()
#2 /var/www/yii/framework/web/CBaseController.php(95): SiteController->renderInternal()
#3 /var/www/yii/framework/web/CController.php(869): SiteController->renderFile()
#4 /var/www/yii/framework/web/CController.php(782): SiteController->renderPartial()
#5 /var/www/yii/project/protected/controllers/SiteController.php(33): SiteController->render()
#6 /var/www/yii/framework/web/actions/CInlineAction.php(49): SiteController->actionIndex()
#7 /var/www/yii/framework/web/CController.php(308): CInlineAction->runWithParams()
#8 /var/www/yii/framework/web/CController.php(286): SiteController->runAction()
#9 /var/www/yii/framework/web/CController.php(265): SiteController->runActionWithFilters()
#10 /var/www/yii/framework/web/CWebApplication.php(282): SiteController->run()
#11 /var/www/yii/framework/web/CWebApplication.php(141): CWebApplication->runController()
#12 /var/www/yii/framework/base/CApplication.php(180): CWebApplication->processRequest()
#13 /var/www/yii/project/index.php(13): CWebApplication->run()
REQUEST_URI=/yii/project/index.php?r=site/index
in /var/www/yii/project/protected/views/site/index.php (93)
in /var/www/yii/project/protected/controllers/SiteController.php (33)
in /var/www/yii/project/index.php (13)
2014/07/03 10:57:18 [warning] [application] Failed to set unsafe attribute "image" of "Carousel".
in /var/www/yii/project/protected/controllers/CarouselController.php (73)
in /var/www/yii/project/index.php (13)
2014/07/03 11:45:11 [error] [php] Undefined variable: model (/var/www/yii/project/protected/views/site/login.php:28)
Stack trace:
#0 /var/www/yii/framework/web/CController.php(869): SiteController->renderFile()
#1 /var/www/yii/project/protected/views/site/index.php(79): SiteController->renderPartial()
#2 /var/www/yii/framework/web/CBaseController.php(126): require()
#3 /var/www/yii/framework/web/CBaseController.php(95): SiteController->renderInternal()
#4 /var/www/yii/framework/web/CController.php(869): SiteController->renderFile()
#5 /var/www/yii/framework/web/CController.php(782): SiteController->renderPartial()
#6 /var/www/yii/project/protected/controllers/SiteController.php(33): SiteController->render()
#7 /var/www/yii/framework/web/actions/CInlineAction.php(49): SiteController->actionIndex()
#8 /var/www/yii/framework/web/CController.php(308): CInlineAction->runWithParams()
#9 /var/www/yii/framework/web/CController.php(286): SiteController->runAction()
#10 /var/www/yii/framework/web/CController.php(265): SiteController->runActionWithFilters()
#11 /var/www/yii/framework/web/CWebApplication.php(282): SiteController->run()
#12 /var/www/yii/framework/web/CWebApplication.php(141): CWebApplication->runController()
#13 /var/www/yii/framework/base/CApplication.php(180): CWebApplication->processRequest()
#14 /var/www/yii/project/index.php(13): CWebApplication->run()
REQUEST_URI=/yii/project/index.php
in /var/www/yii/project/protected/views/site/login.php (28)
in /var/www/yii/project/protected/views/site/index.php (79)
in /var/www/yii/project/protected/controllers/SiteController.php (33)
2014/07/03 11:45:28 [error] [exception.CException] exception 'CException' with message 'Property "ContactForm.username" is not defined.' in /var/www/yii/framework/base/CComponent.php:130
Stack trace:
#0 /var/www/yii/framework/web/helpers/CHtml.php(2529): CComponent->__get('username')
#1 /var/www/yii/framework/web/helpers/CHtml.php(2252): CHtml::resolveValue(Object(ContactForm), 'username')
#2 /var/www/yii/framework/web/helpers/CHtml.php(1434): CHtml::activeInputField('text', Object(ContactForm), 'username', Array)
#3 /var/www/yii/framework/web/widgets/CActiveForm.php(725): CHtml::activeTextField(Object(ContactForm), 'username', Array)
#4 /var/www/yii/project/protected/views/site/login.php(29): CActiveForm->textField(Object(ContactForm), 'username')
#5 /var/www/yii/framework/web/CBaseController.php(126): require('/var/www/yii/pr...')
#6 /var/www/yii/framework/web/CBaseController.php(95): CBaseController->renderInternal('/var/www/yii/pr...', Array, true)
#7 /var/www/yii/framework/web/CController.php(869): CBaseController->renderFile('/var/www/yii/pr...', Array, true)
#8 /var/www/yii/project/protected/views/site/index.php(79): CController->renderPartial('login', Array)
#9 /var/www/yii/framework/web/CBaseController.php(126): require('/var/www/yii/pr...')
#10 /var/www/yii/framework/web/CBaseController.php(95): CBaseController->renderInternal('/var/www/yii/pr...', Array, true)
#11 /var/www/yii/framework/web/CController.php(869): CBaseController->renderFile('/var/www/yii/pr...', Array, true)
#12 /var/www/yii/framework/web/CController.php(782): CController->renderPartial('index', Array, true)
#13 /var/www/yii/project/protected/controllers/SiteController.php(33): CController->render('index', Array)
#14 /var/www/yii/framework/web/actions/CInlineAction.php(49): SiteController->actionIndex()
#15 /var/www/yii/framework/web/CController.php(308): CInlineAction->runWithParams(Array)
#16 /var/www/yii/framework/web/CController.php(286): CController->runAction(Object(CInlineAction))
#17 /var/www/yii/framework/web/CController.php(265): CController->runActionWithFilters(Object(CInlineAction), Array)
#18 /var/www/yii/framework/web/CWebApplication.php(282): CController->run('')
#19 /var/www/yii/framework/web/CWebApplication.php(141): CWebApplication->runController('')
#20 /var/www/yii/framework/base/CApplication.php(180): CWebApplication->processRequest()
#21 /var/www/yii/project/index.php(13): CApplication->run()
#22 {main}
REQUEST_URI=/yii/project/index.php
---
2014/07/03 11:45:43 [error] [php] Undefined variable: code (/var/www/yii/project/protected/views/site/error.php:11)
Stack trace:
#0 /var/www/yii/framework/web/CController.php(869): SiteController->renderFile()
#1 /var/www/yii/project/protected/views/site/index.php(79): SiteController->renderPartial()
#2 /var/www/yii/framework/web/CBaseController.php(126): require()
#3 /var/www/yii/framework/web/CBaseController.php(95): SiteController->renderInternal()
#4 /var/www/yii/framework/web/CController.php(869): SiteController->renderFile()
#5 /var/www/yii/framework/web/CController.php(782): SiteController->renderPartial()
#6 /var/www/yii/project/protected/controllers/SiteController.php(33): SiteController->render()
#7 /var/www/yii/framework/web/actions/CInlineAction.php(49): SiteController->actionIndex()
#8 /var/www/yii/framework/web/CController.php(308): CInlineAction->runWithParams()
#9 /var/www/yii/framework/web/CController.php(286): SiteController->runAction()
#10 /var/www/yii/framework/web/CController.php(265): SiteController->runActionWithFilters()
#11 /var/www/yii/framework/web/CWebApplication.php(282): SiteController->run()
#12 /var/www/yii/framework/web/CWebApplication.php(141): CWebApplication->runController()
#13 /var/www/yii/framework/base/CApplication.php(180): CWebApplication->processRequest()
#14 /var/www/yii/project/index.php(13): CWebApplication->run()
REQUEST_URI=/yii/project/index.php
in /var/www/yii/project/protected/views/site/error.php (11)
in /var/www/yii/project/protected/views/site/index.php (79)
in /var/www/yii/project/protected/controllers/SiteController.php (33)
2014/07/03 11:50:14 [error] [exception.CException] exception 'CException' with message 'SiteController cannot find the requested view "carousel/index".' in /var/www/yii/framework/web/CController.php:878
Stack trace:
#0 /var/www/yii/project/protected/views/site/index.php(29): CController->renderPartial('carousel/index')
#1 /var/www/yii/framework/web/CBaseController.php(126): require('/var/www/yii/pr...')
#2 /var/www/yii/framework/web/CBaseController.php(95): CBaseController->renderInternal('/var/www/yii/pr...', Array, true)
#3 /var/www/yii/framework/web/CController.php(869): CBaseController->renderFile('/var/www/yii/pr...', Array, true)
#4 /var/www/yii/framework/web/CController.php(782): CController->renderPartial('index', Array, true)
#5 /var/www/yii/project/protected/controllers/SiteController.php(33): CController->render('index', Array)
#6 /var/www/yii/framework/web/actions/CInlineAction.php(49): SiteController->actionIndex()
#7 /var/www/yii/framework/web/CController.php(308): CInlineAction->runWithParams(Array)
#8 /var/www/yii/framework/web/CController.php(286): CController->runAction(Object(CInlineAction))
#9 /var/www/yii/framework/web/CController.php(265): CController->runActionWithFilters(Object(CInlineAction), Array)
#10 /var/www/yii/framework/web/CWebApplication.php(282): CController->run('')
#11 /var/www/yii/framework/web/CWebApplication.php(141): CWebApplication->runController('')
#12 /var/www/yii/framework/base/CApplication.php(180): CWebApplication->processRequest()
#13 /var/www/yii/project/index.php(13): CApplication->run()
#14 {main}
REQUEST_URI=/yii/project/index.php
---
2014/07/03 11:58:39 [error] [php] Undefined variable: model (/var/www/yii/project/protected/views/carousel/index.php:9)
Stack trace:
#0 /var/www/yii/framework/web/CController.php(869): SiteController->renderFile()
#1 /var/www/yii/project/protected/views/site/index.php(29): SiteController->renderPartial()
#2 /var/www/yii/framework/web/CBaseController.php(126): require()
#3 /var/www/yii/framework/web/CBaseController.php(95): SiteController->renderInternal()
#4 /var/www/yii/framework/web/CController.php(869): SiteController->renderFile()
#5 /var/www/yii/framework/web/CController.php(782): SiteController->renderPartial()
#6 /var/www/yii/project/protected/controllers/SiteController.php(33): SiteController->render()
#7 /var/www/yii/framework/web/actions/CInlineAction.php(49): SiteController->actionIndex()
#8 /var/www/yii/framework/web/CController.php(308): CInlineAction->runWithParams()
#9 /var/www/yii/framework/web/CController.php(286): SiteController->runAction()
#10 /var/www/yii/framework/web/CController.php(265): SiteController->runActionWithFilters()
#11 /var/www/yii/framework/web/CWebApplication.php(282): SiteController->run()
#12 /var/www/yii/framework/web/CWebApplication.php(141): CWebApplication->runController()
#13 /var/www/yii/framework/base/CApplication.php(180): CWebApplication->processRequest()
#14 /var/www/yii/project/index.php(13): CWebApplication->run()
REQUEST_URI=/yii/project/index.php
in /var/www/yii/project/protected/views/carousel/index.php (9)
in /var/www/yii/project/protected/views/site/index.php (29)
in /var/www/yii/project/protected/controllers/SiteController.php (33)
2014/07/03 12:02:02 [warning] [application] Failed to set unsafe attribute "image" of "Carousel".
in /var/www/yii/project/protected/controllers/CarouselController.php (73)
in /var/www/yii/project/index.php (13)
2014/07/03 14:23:08 [warning] [application] Failed to set unsafe attribute "image" of "Portfolio".
in /var/www/yii/project/protected/controllers/PortfolioController.php (73)
in /var/www/yii/project/index.php (13)
2014/07/03 14:45:16 [error] [php] Undefined variable: model (/var/www/yii/project/protected/views/portfolio/index.php:18)
Stack trace:
#0 /var/www/yii/framework/web/CController.php(869): PortfolioController->renderFile()
#1 /var/www/yii/framework/web/CController.php(782): PortfolioController->renderPartial()
#2 /var/www/yii/project/protected/controllers/PortfolioController.php(137): PortfolioController->render()
#3 /var/www/yii/framework/web/actions/CInlineAction.php(49): PortfolioController->actionIndex()
#4 /var/www/yii/framework/web/CController.php(308): CInlineAction->runWithParams()
#5 /var/www/yii/framework/web/filters/CFilterChain.php(133): PortfolioController->runAction()
#6 /var/www/yii/framework/web/filters/CFilter.php(40): CFilterChain->run()
#7 /var/www/yii/framework/web/CController.php(1145): CAccessControlFilter->filter()
#8 /var/www/yii/framework/web/filters/CInlineFilter.php(58): PortfolioController->filterAccessControl()
#9 /var/www/yii/framework/web/filters/CFilterChain.php(130): CInlineFilter->filter()
#10 /var/www/yii/framework/web/CController.php(291): CFilterChain->run()
#11 /var/www/yii/framework/web/CController.php(265): PortfolioController->runActionWithFilters()
#12 /var/www/yii/framework/web/CWebApplication.php(282): PortfolioController->run()
#13 /var/www/yii/framework/web/CWebApplication.php(141): CWebApplication->runController()
#14 /var/www/yii/framework/base/CApplication.php(180): CWebApplication->processRequest()
#15 /var/www/yii/project/index.php(13): CWebApplication->run()
REQUEST_URI=/yii/project/index.php?r=portfolio/index
in /var/www/yii/project/protected/views/portfolio/index.php (18)
in /var/www/yii/project/protected/controllers/PortfolioController.php (137)
in /var/www/yii/project/index.php (13)
2014/07/03 15:03:55 [warning] [application] Failed to set unsafe attribute "image" of "Portfolio".
in /var/www/yii/project/protected/controllers/PortfolioController.php (73)
in /var/www/yii/project/index.php (13)
2014/07/03 15:04:08 [warning] [application] Failed to set unsafe attribute "image" of "Portfolio".
in /var/www/yii/project/protected/controllers/PortfolioController.php (73)
in /var/www/yii/project/index.php (13)
2014/07/03 15:04:40 [warning] [application] Failed to set unsafe attribute "image" of "Portfolio".
in /var/www/yii/project/protected/controllers/PortfolioController.php (73)
in /var/www/yii/project/index.php (13)
2014/07/03 15:04:40 [warning] [application] Failed to set unsafe attribute "description" of "Portfolio".
in /var/www/yii/project/protected/controllers/PortfolioController.php (73)
in /var/www/yii/project/index.php (13)
2014/07/03 15:04:50 [warning] [application] Failed to set unsafe attribute "image" of "Portfolio".
in /var/www/yii/project/protected/controllers/PortfolioController.php (105)
in /var/www/yii/project/index.php (13)
2014/07/03 15:04:50 [warning] [application] Failed to set unsafe attribute "description" of "Portfolio".
in /var/www/yii/project/protected/controllers/PortfolioController.php (105)
in /var/www/yii/project/index.php (13)
2014/07/03 15:06:10 [warning] [application] Failed to set unsafe attribute "image" of "Portfolio".
in /var/www/yii/project/protected/controllers/PortfolioController.php (105)
in /var/www/yii/project/index.php (13)
2014/07/03 15:06:10 [warning] [application] Failed to set unsafe attribute "description" of "Portfolio".
in /var/www/yii/project/protected/controllers/PortfolioController.php (105)
in /var/www/yii/project/index.php (13)
2014/07/03 15:07:43 [warning] [application] Failed to set unsafe attribute "image" of "Portfolio".
in /var/www/yii/project/protected/controllers/PortfolioController.php (105)
in /var/www/yii/project/index.php (13)
2014/07/03 15:09:34 [warning] [application] Failed to set unsafe attribute "image" of "Portfolio".
in /var/www/yii/project/protected/controllers/PortfolioController.php (73)
in /var/www/yii/project/index.php (13)
2014/07/03 15:11:56 [warning] [application] Failed to set unsafe attribute "image" of "Portfolio".
in /var/www/yii/project/protected/controllers/PortfolioController.php (73)
in /var/www/yii/project/index.php (13)
2014/07/03 15:30:42 [warning] [application] Failed to set unsafe attribute "image" of "Carousel".
in /var/www/yii/project/protected/controllers/CarouselController.php (73)
in /var/www/yii/project/index.php (13)
2014/07/03 16:25:31 [error] [exception.CHttpException.404] exception 'CHttpException' with message 'Unable to resolve the request "portfolio/admin".' in /var/www/yii/framework/web/CWebApplication.php:286
Stack trace:
#0 /var/www/yii/framework/web/CWebApplication.php(141): CWebApplication->runController('portfolio/admin')
#1 /var/www/yii/framework/base/CApplication.php(180): CWebApplication->processRequest()
#2 /var/www/yii/project/index.php(13): CApplication->run()
#3 {main}
REQUEST_URI=/yii/project/index.php?r=portfolio/admin
HTTP_REFERER=http://localhost/yii/project/index.php?r=site/page&view=adminpanel
---
2014/07/03 16:25:44 [error] [exception.CHttpException.404] exception 'CHttpException' with message 'Unable to resolve the request "portfolio/create".' in /var/www/yii/framework/web/CWebApplication.php:286
Stack trace:
#0 /var/www/yii/framework/web/CWebApplication.php(141): CWebApplication->runController('portfolio/creat...')
#1 /var/www/yii/framework/base/CApplication.php(180): CWebApplication->processRequest()
#2 /var/www/yii/project/index.php(13): CApplication->run()
#3 {main}
REQUEST_URI=/yii/project/index.php?r=portfolio/create
HTTP_REFERER=http://localhost/yii/project/index.php?r=site/page&view=adminpanel
---
2014/07/03 16:26:49 [warning] [application] Failed to set unsafe attribute "image" of "Portfolio".
in /var/www/yii/project/protected/controllers/PortfolioController.php (110)
in /var/www/yii/project/index.php (13)
2014/07/03 16:27:29 [warning] [application] Failed to set unsafe attribute "image" of "Portfolio".
in /var/www/yii/project/protected/controllers/PortfolioController.php (110)
in /var/www/yii/project/index.php (13)
